#
# There is insufficient memory for the Java Runtime Environment to continue.
# Native memory allocation (malloc) failed to allocate 1867056 bytes for Chunk::new
# Possible reasons:
#   The system is out of physical RAM or swap space
#   The process is running with CompressedOops enabled, and the Java Heap may be blocking the growth of the native heap
# Possible solutions:
#   Reduce memory load on the system
#   Increase physical memory or swap space
#   Check if swap backing store is full
#   Decrease Java heap size (-Xmx/-Xms)
#   Decrease number of Java threads
#   Decrease Java thread stack sizes (-Xss)
#   Set larger code cache with -XX:ReservedCodeCacheSize=
#   JVM is running with Unscaled Compressed Oops mode in which the Java heap is
#     placed in the first 4GB address space. The Java Heap base address is the
#     maximum limit for the native heap growth. Please use -XX:HeapBaseMinAddress
#     to set the Java Heap base and to place the Java Heap above 4GB virtual address.
# This output file may be truncated or incomplete.
#
#  Out of Memory Error (arena.cpp:191), pid=17956, tid=19868
#
# JRE version: OpenJDK Runtime Environment (17.0.10) (build 17.0.10+0--11572160)
# Java VM: OpenJDK 64-Bit Server VM (17.0.10+0--11572160, mixed mode, tiered, compressed oops, compressed class ptrs, g1 gc, windows-amd64)
# No core dump will be written. Minidumps are not enabled by default on client versions of Windows
#

---------------  S U M M A R Y ------------

Command Line: org.jetbrains.kotlin.cli.jvm.K2JVMCompiler @D:\Proyecto-Movil-main\app\build\20240531_11886052468895604113.compiler.options

Host: AMD Ryzen 5 5500U with Radeon Graphics         , 12 cores, 5G,  Windows 11 , 64 bit Build 22621 (10.0.22621.3527)
Time: Fri May 31 16:30:39 2024 Hora est. Pacífico, Sudamérica elapsed time: 24.338564 seconds (0d 0h 0m 24s)

---------------  T H R E A D  ---------------

Current thread (0x00000149b4051c30):  JavaThread "C2 CompilerThread0" daemon [_thread_in_native, id=19868, stack(0x0000000161c00000,0x0000000161d00000)]


Current CompileTask:
C2:  24338 16041       4       org.jetbrains.org.objectweb.asm.ClassReader::readMethod (1061 bytes)

Stack: [0x0000000161c00000,0x0000000161d00000]
Native frames: (J=compiled Java code, j=interpreted, Vv=VM code, C=native code)
V  [jvm.dll+0x688e89]
V  [jvm.dll+0x84247a]
V  [jvm.dll+0x8440be]
V  [jvm.dll+0x844723]
V  [jvm.dll+0x24be0f]
V  [jvm.dll+0xac524]
V  [jvm.dll+0xacb6c]
V  [jvm.dll+0x36bd12]
V  [jvm.dll+0x33615a]
V  [jvm.dll+0x3355fa]
V  [jvm.dll+0x21daa1]
V  [jvm.dll+0x21cec1]
V  [jvm.dll+0x1a60ad]
V  [jvm.dll+0x22cd78]
V  [jvm.dll+0x22aeb0]
V  [jvm.dll+0x7f6917]
V  [jvm.dll+0x7f0d1a]
V  [jvm.dll+0x687d05]
C  [ucrtbase.dll+0x29333]
C  [KERNEL32.DLL+0x1257d]
C  [ntdll.dll+0x5aa48]


---------------  P R O C E S S  ---------------

Threads class SMR info:
_java_thread_list=0x00000149b67db8f0, length=14, elements={
0x0000014996d0a340, 0x00000149af64d260, 0x00000149b4020ef0, 0x00000149af634010,
0x00000149af634bd0, 0x00000149af635590, 0x00000149b4050820, 0x00000149b4051c30,
0x00000149b40707e0, 0x00000149b407bcd0, 0x00000149b41cf020, 0x00000149b41dd9c0,
0x00000149b6661030, 0x00000149b863e4d0
}

Java Threads: ( => current thread )
  0x0000014996d0a340 JavaThread "main" [_thread_in_Java, id=19312, stack(0x0000000160f00000,0x0000000161000000)]
  0x00000149af64d260 JavaThread "Reference Handler" daemon [_thread_blocked, id=20772, stack(0x0000000161600000,0x0000000161700000)]
  0x00000149b4020ef0 JavaThread "Finalizer" daemon [_thread_blocked, id=16116, stack(0x0000000161700000,0x0000000161800000)]
  0x00000149af634010 JavaThread "Signal Dispatcher" daemon [_thread_blocked, id=5944, stack(0x0000000161800000,0x0000000161900000)]
  0x00000149af634bd0 JavaThread "Attach Listener" daemon [_thread_blocked, id=18872, stack(0x0000000161900000,0x0000000161a00000)]
  0x00000149af635590 JavaThread "Service Thread" daemon [_thread_blocked, id=16004, stack(0x0000000161a00000,0x0000000161b00000)]
  0x00000149b4050820 JavaThread "Monitor Deflation Thread" daemon [_thread_blocked, id=17088, stack(0x0000000161b00000,0x0000000161c00000)]
=>0x00000149b4051c30 JavaThread "C2 CompilerThread0" daemon [_thread_in_native, id=19868, stack(0x0000000161c00000,0x0000000161d00000)]
  0x00000149b40707e0 JavaThread "C1 CompilerThread0" daemon [_thread_blocked, id=12732, stack(0x0000000161d00000,0x0000000161e00000)]
  0x00000149b407bcd0 JavaThread "Sweeper thread" daemon [_thread_blocked, id=7812, stack(0x0000000161e00000,0x0000000161f00000)]
  0x00000149b41cf020 JavaThread "Notification Thread" daemon [_thread_blocked, id=16252, stack(0x0000000161f00000,0x0000000162000000)]
  0x00000149b41dd9c0 JavaThread "Common-Cleaner" daemon [_thread_blocked, id=10128, stack(0x0000000162100000,0x0000000162200000)]
  0x00000149b6661030 JavaThread "C2 CompilerThread1" daemon [_thread_in_native, id=4308, stack(0x0000000162e00000,0x0000000162f00000)]
  0x00000149b863e4d0 JavaThread "C2 CompilerThread2" daemon [_thread_in_native, id=668, stack(0x0000000162f00000,0x0000000163000000)]

Other Threads:
  0x00000149b40207d0 VMThread "VM Thread" [stack: 0x0000000161500000,0x0000000161600000] [id=16884]
  0x00000149b41d1b20 WatcherThread [stack: 0x0000000162000000,0x0000000162100000] [id=17536]
  0x0000014996d58ca0 GCTaskThread "GC Thread#0" [stack: 0x0000000161000000,0x0000000161100000] [id=18372]
  0x00000149b46fc970 GCTaskThread "GC Thread#1" [stack: 0x0000000162200000,0x0000000162300000] [id=16604]
  0x00000149b47fcd50 GCTaskThread "GC Thread#2" [stack: 0x0000000162300000,0x0000000162400000] [id=19172]
  0x00000149b47fd010 GCTaskThread "GC Thread#3" [stack: 0x0000000162400000,0x0000000162500000] [id=5648]
  0x00000149b47fd6e0 GCTaskThread "GC Thread#4" [stack: 0x0000000162500000,0x0000000162600000] [id=816]
  0x00000149b4d0d8d0 GCTaskThread "GC Thread#5" [stack: 0x0000000162600000,0x0000000162700000] [id=10544]
  0x00000149b4e46ff0 GCTaskThread "GC Thread#6" [stack: 0x0000000162700000,0x0000000162800000] [id=18584]
  0x00000149b4e472b0 GCTaskThread "GC Thread#7" [stack: 0x0000000162800000,0x0000000162900000] [id=16060]
  0x00000149b4e47570 GCTaskThread "GC Thread#8" [stack: 0x0000000162900000,0x0000000162a00000] [id=18020]
  0x00000149b4e48e50 GCTaskThread "GC Thread#9" [stack: 0x0000000162c00000,0x0000000162d00000] [id=15888]
  0x0000014996d65fc0 ConcurrentGCThread "G1 Main Marker" [stack: 0x0000000161100000,0x0000000161200000] [id=2696]
  0x0000014996d679f0 ConcurrentGCThread "G1 Conc#0" [stack: 0x0000000161200000,0x0000000161300000] [id=21352]
  0x00000149b4e49110 ConcurrentGCThread "G1 Conc#1" [stack: 0x0000000162a00000,0x0000000162b00000] [id=15836]
  0x00000149b4e493d0 ConcurrentGCThread "G1 Conc#2" [stack: 0x0000000162b00000,0x0000000162c00000] [id=1696]
  0x00000149af4a3fb0 ConcurrentGCThread "G1 Refine#0" [stack: 0x0000000161300000,0x0000000161400000] [id=6024]
  0x00000149b56c03b0 ConcurrentGCThread "G1 Refine#1" [stack: 0x0000000162d00000,0x0000000162e00000] [id=19036]
  0x00000149af4a49e0 ConcurrentGCThread "G1 Service" [stack: 0x0000000161400000,0x0000000161500000] [id=3276]

Threads with active compile tasks:
C2 CompilerThread0    24523 16041       4       org.jetbrains.org.objectweb.asm.ClassReader::readMethod (1061 bytes)
C1 CompilerThread0    24523 16441       2       org.jetbrains.kotlin.load.kotlin.TypeSignatureMappingKt::mapBuiltInType (339 bytes)
C2 CompilerThread1    24523 16072       4       org.jetbrains.kotlin.types.typeUtil.TypeUtilsKt::contains (19 bytes)
C2 CompilerThread2    24523 16066       4       org.jetbrains.kotlin.types.AbstractTypeMapper::mapType (568 bytes)

VM state: not at safepoint (normal execution)

VM Mutex/Monitor currently owned by a thread: None

Heap address: 0x00000000a2200000, size: 1502 MB, Compressed Oops mode: 32-bit

CDS archive(s) not mapped
Compressed class space mapped at: 0x0000000100000000-0x0000000140000000, reserved size: 1073741824
Narrow klass base: 0x0000000000000000, Narrow klass shift: 3, Narrow klass range: 0x140000000

GC Precious Log:
 CPUs: 12 total, 12 available
 Memory: 6005M
 Large Page Support: Disabled
 NUMA Support: Disabled
 Compressed Oops: Enabled (32-bit)
 Heap Region Size: 1M
 Heap Min Capacity: 8M
 Heap Initial Capacity: 94M
 Heap Max Capacity: 1502M
 Pre-touch: Disabled
 Parallel Workers: 10
 Concurrent Workers: 3
 Concurrent Refinement Workers: 10
 Periodic GC: Disabled

Heap:
 garbage-first heap   total 208896K, used 152764K [0x00000000a2200000, 0x0000000100000000)
  region size 1024K, 69 young (70656K), 3 survivors (3072K)
 Metaspace       used 89601K, committed 89920K, reserved 1179648K
  class space    used 9764K, committed 9920K, reserved 1048576K

Heap Regions: E=young(eden), S=young(survivor), O=old, HS=humongous(starts), HC=humongous(continues), CS=collection set, F=free, OA=open archive, CA=closed archive, TAMS=top-at-mark-start (previous, next)
|   0|0x00000000a2200000, 0x00000000a2300000, 0x00000000a2300000|100%|HS|  |TAMS 0x00000000a2300000, 0x00000000a2200000| Complete 
|   1|0x00000000a2300000, 0x00000000a2400000, 0x00000000a2400000|100%|HC|  |TAMS 0x00000000a2400000, 0x00000000a2300000| Complete 
|   2|0x00000000a2400000, 0x00000000a2500000, 0x00000000a2500000|100%|HC|  |TAMS 0x00000000a2500000, 0x00000000a2400000| Complete 
|   3|0x00000000a2500000, 0x00000000a2600000, 0x00000000a2600000|100%|HC|  |TAMS 0x00000000a2600000, 0x00000000a2500000| Complete 
|   4|0x00000000a2600000, 0x00000000a2700000, 0x00000000a2700000|100%| O|  |TAMS 0x00000000a2700000, 0x00000000a2600000| Untracked 
|   5|0x00000000a2700000, 0x00000000a2800000, 0x00000000a2800000|100%| O|  |TAMS 0x00000000a2800000, 0x00000000a2700000| Untracked 
|   6|0x00000000a2800000, 0x00000000a2900000, 0x00000000a2900000|100%| O|  |TAMS 0x00000000a2900000, 0x00000000a2800000| Untracked 
|   7|0x00000000a2900000, 0x00000000a2a00000, 0x00000000a2a00000|100%| O|  |TAMS 0x00000000a2a00000, 0x00000000a2900000| Untracked 
|   8|0x00000000a2a00000, 0x00000000a2b00000, 0x00000000a2b00000|100%| O|  |TAMS 0x00000000a2b00000, 0x00000000a2a00000| Untracked 
|   9|0x00000000a2b00000, 0x00000000a2c00000, 0x00000000a2c00000|100%| O|  |TAMS 0x00000000a2b00000, 0x00000000a2b00000| Untracked 
|  10|0x00000000a2c00000, 0x00000000a2d00000, 0x00000000a2d00000|100%| O|  |TAMS 0x00000000a2d00000, 0x00000000a2c00000| Untracked 
|  11|0x00000000a2d00000, 0x00000000a2e00000, 0x00000000a2e00000|100%| O|  |TAMS 0x00000000a2e00000, 0x00000000a2d00000| Untracked 
|  12|0x00000000a2e00000, 0x00000000a2f00000, 0x00000000a2f00000|100%| O|  |TAMS 0x00000000a2f00000, 0x00000000a2e00000| Untracked 
|  13|0x00000000a2f00000, 0x00000000a3000000, 0x00000000a3000000|100%| O|  |TAMS 0x00000000a3000000, 0x00000000a2f00000| Untracked 
|  14|0x00000000a3000000, 0x00000000a3100000, 0x00000000a3100000|100%| O|  |TAMS 0x00000000a3100000, 0x00000000a3000000| Untracked 
|  15|0x00000000a3100000, 0x00000000a3200000, 0x00000000a3200000|100%| O|  |TAMS 0x00000000a3200000, 0x00000000a3100000| Untracked 
|  16|0x00000000a3200000, 0x00000000a3300000, 0x00000000a3300000|100%| O|  |TAMS 0x00000000a3300000, 0x00000000a3200000| Untracked 
|  17|0x00000000a3300000, 0x00000000a3400000, 0x00000000a3400000|100%| O|  |TAMS 0x00000000a3400000, 0x00000000a3300000| Untracked 
|  18|0x00000000a3400000, 0x00000000a3500000, 0x00000000a3500000|100%| O|  |TAMS 0x00000000a3500000, 0x00000000a3400000| Untracked 
|  19|0x00000000a3500000, 0x00000000a3600000, 0x00000000a3600000|100%| O|  |TAMS 0x00000000a3600000, 0x00000000a3500000| Untracked 
|  20|0x00000000a3600000, 0x00000000a3700000, 0x00000000a3700000|100%| O|  |TAMS 0x00000000a3700000, 0x00000000a3600000| Untracked 
|  21|0x00000000a3700000, 0x00000000a3800000, 0x00000000a3800000|100%|HS|  |TAMS 0x00000000a3800000, 0x00000000a3700000| Complete 
|  22|0x00000000a3800000, 0x00000000a3900000, 0x00000000a3900000|100%|HC|  |TAMS 0x00000000a3900000, 0x00000000a3800000| Complete 
|  23|0x00000000a3900000, 0x00000000a3a00000, 0x00000000a3a00000|100%| O|  |TAMS 0x00000000a3a00000, 0x00000000a3900000| Untracked 
|  24|0x00000000a3a00000, 0x00000000a3b00000, 0x00000000a3b00000|100%| O|  |TAMS 0x00000000a3b00000, 0x00000000a3a00000| Untracked 
|  25|0x00000000a3b00000, 0x00000000a3c00000, 0x00000000a3c00000|100%| O|  |TAMS 0x00000000a3c00000, 0x00000000a3b00000| Untracked 
|  26|0x00000000a3c00000, 0x00000000a3d00000, 0x00000000a3d00000|100%| O|  |TAMS 0x00000000a3d00000, 0x00000000a3c00000| Untracked 
|  27|0x00000000a3d00000, 0x00000000a3e00000, 0x00000000a3e00000|100%| O|  |TAMS 0x00000000a3e00000, 0x00000000a3d00000| Untracked 
|  28|0x00000000a3e00000, 0x00000000a3f00000, 0x00000000a3f00000|100%| O|  |TAMS 0x00000000a3f00000, 0x00000000a3e00000| Untracked 
|  29|0x00000000a3f00000, 0x00000000a4000000, 0x00000000a4000000|100%| O|  |TAMS 0x00000000a4000000, 0x00000000a3f00000| Untracked 
|  30|0x00000000a4000000, 0x00000000a4100000, 0x00000000a4100000|100%| O|  |TAMS 0x00000000a4100000, 0x00000000a4000000| Untracked 
|  31|0x00000000a4100000, 0x00000000a4200000, 0x00000000a4200000|100%| O|  |TAMS 0x00000000a4200000, 0x00000000a4100000| Untracked 
|  32|0x00000000a4200000, 0x00000000a4300000, 0x00000000a4300000|100%| O|  |TAMS 0x00000000a4300000, 0x00000000a4200000| Untracked 
|  33|0x00000000a4300000, 0x00000000a4400000, 0x00000000a4400000|100%| O|  |TAMS 0x00000000a4400000, 0x00000000a4300000| Untracked 
|  34|0x00000000a4400000, 0x00000000a4500000, 0x00000000a4500000|100%| O|  |TAMS 0x00000000a4500000, 0x00000000a4400000| Untracked 
|  35|0x00000000a4500000, 0x00000000a4600000, 0x00000000a4600000|100%| O|  |TAMS 0x00000000a4600000, 0x00000000a4500000| Untracked 
|  36|0x00000000a4600000, 0x00000000a4700000, 0x00000000a4700000|100%| O|  |TAMS 0x00000000a4700000, 0x00000000a4600000| Untracked 
|  37|0x00000000a4700000, 0x00000000a4800000, 0x00000000a4800000|100%| O|  |TAMS 0x00000000a4800000, 0x00000000a4700000| Untracked 
|  38|0x00000000a4800000, 0x00000000a4900000, 0x00000000a4900000|100%| O|  |TAMS 0x00000000a4900000, 0x00000000a4800000| Untracked 
|  39|0x00000000a4900000, 0x00000000a4a00000, 0x00000000a4a00000|100%| O|  |TAMS 0x00000000a4a00000, 0x00000000a4900000| Untracked 
|  40|0x00000000a4a00000, 0x00000000a4b00000, 0x00000000a4b00000|100%| O|  |TAMS 0x00000000a4b00000, 0x00000000a4a00000| Untracked 
|  41|0x00000000a4b00000, 0x00000000a4c00000, 0x00000000a4c00000|100%| O|  |TAMS 0x00000000a4c00000, 0x00000000a4b00000| Untracked 
|  42|0x00000000a4c00000, 0x00000000a4d00000, 0x00000000a4d00000|100%| O|  |TAMS 0x00000000a4d00000, 0x00000000a4c00000| Untracked 
|  43|0x00000000a4d00000, 0x00000000a4e00000, 0x00000000a4e00000|100%| O|  |TAMS 0x00000000a4e00000, 0x00000000a4d00000| Untracked 
|  44|0x00000000a4e00000, 0x00000000a4f00000, 0x00000000a4f00000|100%| O|  |TAMS 0x00000000a4e4bc00, 0x00000000a4e00000| Untracked 
|  45|0x00000000a4f00000, 0x00000000a5000000, 0x00000000a5000000|100%| O|  |TAMS 0x00000000a4f00000, 0x00000000a4f00000| Untracked 
|  46|0x00000000a5000000, 0x00000000a5100000, 0x00000000a5100000|100%| O|  |TAMS 0x00000000a5000000, 0x00000000a5000000| Untracked 
|  47|0x00000000a5100000, 0x00000000a5200000, 0x00000000a5200000|100%| O|  |TAMS 0x00000000a5100000, 0x00000000a5100000| Untracked 
|  48|0x00000000a5200000, 0x00000000a5300000, 0x00000000a5300000|100%| O|  |TAMS 0x00000000a5200000, 0x00000000a5200000| Untracked 
|  49|0x00000000a5300000, 0x00000000a5400000, 0x00000000a5400000|100%| O|  |TAMS 0x00000000a5300000, 0x00000000a5300000| Untracked 
|  50|0x00000000a5400000, 0x00000000a5500000, 0x00000000a5500000|100%|HS|  |TAMS 0x00000000a5400000, 0x00000000a5400000| Complete 
|  51|0x00000000a5500000, 0x00000000a5600000, 0x00000000a5600000|100%|HC|  |TAMS 0x00000000a5500000, 0x00000000a5500000| Complete 
|  52|0x00000000a5600000, 0x00000000a5700000, 0x00000000a5700000|100%| O|  |TAMS 0x00000000a5600000, 0x00000000a5600000| Untracked 
|  53|0x00000000a5700000, 0x00000000a5800000, 0x00000000a5800000|100%| O|  |TAMS 0x00000000a5700000, 0x00000000a5700000| Untracked 
|  54|0x00000000a5800000, 0x00000000a5900000, 0x00000000a5900000|100%| O|  |TAMS 0x00000000a5800000, 0x00000000a5800000| Untracked 
|  55|0x00000000a5900000, 0x00000000a5a00000, 0x00000000a5a00000|100%| O|  |TAMS 0x00000000a5900000, 0x00000000a5900000| Untracked 
|  56|0x00000000a5a00000, 0x00000000a5b00000, 0x00000000a5b00000|100%| O|  |TAMS 0x00000000a5a00000, 0x00000000a5a00000| Untracked 
|  57|0x00000000a5b00000, 0x00000000a5c00000, 0x00000000a5c00000|100%| O|  |TAMS 0x00000000a5b00000, 0x00000000a5b00000| Untracked 
|  58|0x00000000a5c00000, 0x00000000a5d00000, 0x00000000a5d00000|100%| O|  |TAMS 0x00000000a5c00000, 0x00000000a5c00000| Untracked 
|  59|0x00000000a5d00000, 0x00000000a5e00000, 0x00000000a5e00000|100%| O|  |TAMS 0x00000000a5d00000, 0x00000000a5d00000| Untracked 
|  60|0x00000000a5e00000, 0x00000000a5f00000, 0x00000000a5f00000|100%| O|  |TAMS 0x00000000a5e00000, 0x00000000a5e00000| Untracked 
|  61|0x00000000a5f00000, 0x00000000a6000000, 0x00000000a6000000|100%| O|  |TAMS 0x00000000a5f00000, 0x00000000a5f00000| Untracked 
|  62|0x00000000a6000000, 0x00000000a6100000, 0x00000000a6100000|100%| O|  |TAMS 0x00000000a6000000, 0x00000000a6000000| Untracked 
|  63|0x00000000a6100000, 0x00000000a6200000, 0x00000000a6200000|100%| O|  |TAMS 0x00000000a6100000, 0x00000000a6100000| Untracked 
|  64|0x00000000a6200000, 0x00000000a6300000, 0x00000000a6300000|100%| O|  |TAMS 0x00000000a6200000, 0x00000000a6200000| Untracked 
|  65|0x00000000a6300000, 0x00000000a6400000, 0x00000000a6400000|100%| O|  |TAMS 0x00000000a6300000, 0x00000000a6300000| Untracked 
|  66|0x00000000a6400000, 0x00000000a6500000, 0x00000000a6500000|100%| O|  |TAMS 0x00000000a6400000, 0x00000000a6400000| Untracked 
|  67|0x00000000a6500000, 0x00000000a6600000, 0x00000000a6600000|100%| O|  |TAMS 0x00000000a6500000, 0x00000000a6500000| Untracked 
|  68|0x00000000a6600000, 0x00000000a6700000, 0x00000000a6700000|100%| O|  |TAMS 0x00000000a6600000, 0x00000000a6600000| Untracked 
|  69|0x00000000a6700000, 0x00000000a6800000, 0x00000000a6800000|100%| O|  |TAMS 0x00000000a6700000, 0x00000000a6700000| Untracked 
|  70|0x00000000a6800000, 0x00000000a6900000, 0x00000000a6900000|100%| O|  |TAMS 0x00000000a6800000, 0x00000000a6800000| Untracked 
|  71|0x00000000a6900000, 0x00000000a6a00000, 0x00000000a6a00000|100%| O|  |TAMS 0x00000000a6900000, 0x00000000a6900000| Untracked 
|  72|0x00000000a6a00000, 0x00000000a6b00000, 0x00000000a6b00000|100%| O|  |TAMS 0x00000000a6a00000, 0x00000000a6a00000| Untracked 
|  73|0x00000000a6b00000, 0x00000000a6c00000, 0x00000000a6c00000|100%| O|  |TAMS 0x00000000a6b00000, 0x00000000a6b00000| Untracked 
|  74|0x00000000a6c00000, 0x00000000a6d00000, 0x00000000a6d00000|100%| O|  |TAMS 0x00000000a6c00000, 0x00000000a6c00000| Untracked 
|  75|0x00000000a6d00000, 0x00000000a6e00000, 0x00000000a6e00000|100%| O|  |TAMS 0x00000000a6d00000, 0x00000000a6d00000| Untracked 
|  76|0x00000000a6e00000, 0x00000000a6f00000, 0x00000000a6f00000|100%| O|  |TAMS 0x00000000a6e00000, 0x00000000a6e00000| Untracked 
|  77|0x00000000a6f00000, 0x00000000a7000000, 0x00000000a7000000|100%| O|  |TAMS 0x00000000a6f00000, 0x00000000a6f00000| Untracked 
|  78|0x00000000a7000000, 0x00000000a7100000, 0x00000000a7100000|100%| O|  |TAMS 0x00000000a7000000, 0x00000000a7000000| Untracked 
|  79|0x00000000a7100000, 0x00000000a7200000, 0x00000000a7200000|100%| O|  |TAMS 0x00000000a7100000, 0x00000000a7100000| Untracked 
|  80|0x00000000a7200000, 0x00000000a7300000, 0x00000000a7300000|100%| O|  |TAMS 0x00000000a7200000, 0x00000000a7200000| Untracked 
|  81|0x00000000a7300000, 0x00000000a73bde00, 0x00000000a7400000| 74%| O|  |TAMS 0x00000000a7300000, 0x00000000a7300000| Untracked 
|  82|0x00000000a7400000, 0x00000000a7400000, 0x00000000a7500000|  0%| F|  |TAMS 0x00000000a7400000, 0x00000000a7400000| Untracked 
|  83|0x00000000a7500000, 0x00000000a7500000, 0x00000000a7600000|  0%| F|  |TAMS 0x00000000a7500000, 0x00000000a7500000| Untracked 
|  84|0x00000000a7600000, 0x00000000a7600000, 0x00000000a7700000|  0%| F|  |TAMS 0x00000000a7600000, 0x00000000a7600000| Untracked 
|  85|0x00000000a7700000, 0x00000000a7700000, 0x00000000a7800000|  0%| F|  |TAMS 0x00000000a7700000, 0x00000000a7700000| Untracked 
|  86|0x00000000a7800000, 0x00000000a7800000, 0x00000000a7900000|  0%| F|  |TAMS 0x00000000a7800000, 0x00000000a7800000| Untracked 
|  87|0x00000000a7900000, 0x00000000a7900000, 0x00000000a7a00000|  0%| F|  |TAMS 0x00000000a7900000, 0x00000000a7900000| Untracked 
|  88|0x00000000a7a00000, 0x00000000a7a00000, 0x00000000a7b00000|  0%| F|  |TAMS 0x00000000a7a00000, 0x00000000a7a00000| Untracked 
|  89|0x00000000a7b00000, 0x00000000a7b00000, 0x00000000a7c00000|  0%| F|  |TAMS 0x00000000a7b00000, 0x00000000a7b00000| Untracked 
|  90|0x00000000a7c00000, 0x00000000a7c00000, 0x00000000a7d00000|  0%| F|  |TAMS 0x00000000a7c00000, 0x00000000a7c00000| Untracked 
|  91|0x00000000a7d00000, 0x00000000a7d00000, 0x00000000a7e00000|  0%| F|  |TAMS 0x00000000a7d00000, 0x00000000a7d00000| Untracked 
|  92|0x00000000a7e00000, 0x00000000a7e00000, 0x00000000a7f00000|  0%| F|  |TAMS 0x00000000a7e00000, 0x00000000a7e00000| Untracked 
|  93|0x00000000a7f00000, 0x00000000a7f00000, 0x00000000a8000000|  0%| F|  |TAMS 0x00000000a7f00000, 0x00000000a7f00000| Untracked 
|  94|0x00000000a8000000, 0x00000000a8000000, 0x00000000a8100000|  0%| F|  |TAMS 0x00000000a8000000, 0x00000000a8000000| Untracked 
|  95|0x00000000a8100000, 0x00000000a8100000, 0x00000000a8200000|  0%| F|  |TAMS 0x00000000a8100000, 0x00000000a8100000| Untracked 
|  96|0x00000000a8200000, 0x00000000a8200000, 0x00000000a8300000|  0%| F|  |TAMS 0x00000000a8200000, 0x00000000a8200000| Untracked 
|  97|0x00000000a8300000, 0x00000000a8300000, 0x00000000a8400000|  0%| F|  |TAMS 0x00000000a8300000, 0x00000000a8300000| Untracked 
|  98|0x00000000a8400000, 0x00000000a8400000, 0x00000000a8500000|  0%| F|  |TAMS 0x00000000a8400000, 0x00000000a8400000| Untracked 
|  99|0x00000000a8500000, 0x00000000a8500000, 0x00000000a8600000|  0%| F|  |TAMS 0x00000000a8500000, 0x00000000a8500000| Untracked 
| 100|0x00000000a8600000, 0x00000000a8600000, 0x00000000a8700000|  0%| F|  |TAMS 0x00000000a8600000, 0x00000000a8600000| Untracked 
| 101|0x00000000a8700000, 0x00000000a8700000, 0x00000000a8800000|  0%| F|  |TAMS 0x00000000a8700000, 0x00000000a8700000| Untracked 
| 102|0x00000000a8800000, 0x00000000a8800000, 0x00000000a8900000|  0%| F|  |TAMS 0x00000000a8800000, 0x00000000a8800000| Untracked 
| 103|0x00000000a8900000, 0x00000000a8900000, 0x00000000a8a00000|  0%| F|  |TAMS 0x00000000a8900000, 0x00000000a8900000| Untracked 
| 104|0x00000000a8a00000, 0x00000000a8a00000, 0x00000000a8b00000|  0%| F|  |TAMS 0x00000000a8a00000, 0x00000000a8a00000| Untracked 
| 105|0x00000000a8b00000, 0x00000000a8b00000, 0x00000000a8c00000|  0%| F|  |TAMS 0x00000000a8b00000, 0x00000000a8b00000| Untracked 
| 106|0x00000000a8c00000, 0x00000000a8c00000, 0x00000000a8d00000|  0%| F|  |TAMS 0x00000000a8c00000, 0x00000000a8c00000| Untracked 
| 107|0x00000000a8d00000, 0x00000000a8d00000, 0x00000000a8e00000|  0%| F|  |TAMS 0x00000000a8d00000, 0x00000000a8d00000| Untracked 
| 108|0x00000000a8e00000, 0x00000000a8e00000, 0x00000000a8f00000|  0%| F|  |TAMS 0x00000000a8e00000, 0x00000000a8e00000| Untracked 
| 109|0x00000000a8f00000, 0x00000000a8f00000, 0x00000000a9000000|  0%| F|  |TAMS 0x00000000a8f00000, 0x00000000a8f00000| Untracked 
| 110|0x00000000a9000000, 0x00000000a9000000, 0x00000000a9100000|  0%| F|  |TAMS 0x00000000a9000000, 0x00000000a9000000| Untracked 
| 111|0x00000000a9100000, 0x00000000a9100000, 0x00000000a9200000|  0%| F|  |TAMS 0x00000000a9100000, 0x00000000a9100000| Untracked 
| 112|0x00000000a9200000, 0x00000000a9200000, 0x00000000a9300000|  0%| F|  |TAMS 0x00000000a9200000, 0x00000000a9200000| Untracked 
| 113|0x00000000a9300000, 0x00000000a9300000, 0x00000000a9400000|  0%| F|  |TAMS 0x00000000a9300000, 0x00000000a9300000| Untracked 
| 114|0x00000000a9400000, 0x00000000a9400000, 0x00000000a9500000|  0%| F|  |TAMS 0x00000000a9400000, 0x00000000a9400000| Untracked 
| 115|0x00000000a9500000, 0x00000000a9500000, 0x00000000a9600000|  0%| F|  |TAMS 0x00000000a9500000, 0x00000000a9500000| Untracked 
| 116|0x00000000a9600000, 0x00000000a9600000, 0x00000000a9700000|  0%| F|  |TAMS 0x00000000a9600000, 0x00000000a9600000| Untracked 
| 117|0x00000000a9700000, 0x00000000a9700000, 0x00000000a9800000|  0%| F|  |TAMS 0x00000000a9700000, 0x00000000a9700000| Untracked 
| 118|0x00000000a9800000, 0x00000000a9800000, 0x00000000a9900000|  0%| F|  |TAMS 0x00000000a9800000, 0x00000000a9800000| Untracked 
| 119|0x00000000a9900000, 0x00000000a9900000, 0x00000000a9a00000|  0%| F|  |TAMS 0x00000000a9900000, 0x00000000a9900000| Untracked 
| 120|0x00000000a9a00000, 0x00000000a9a00000, 0x00000000a9b00000|  0%| F|  |TAMS 0x00000000a9a00000, 0x00000000a9a00000| Untracked 
| 121|0x00000000a9b00000, 0x00000000a9b00000, 0x00000000a9c00000|  0%| F|  |TAMS 0x00000000a9b00000, 0x00000000a9b00000| Untracked 
| 122|0x00000000a9c00000, 0x00000000a9c00000, 0x00000000a9d00000|  0%| F|  |TAMS 0x00000000a9c00000, 0x00000000a9c00000| Untracked 
| 123|0x00000000a9d00000, 0x00000000a9d00000, 0x00000000a9e00000|  0%| F|  |TAMS 0x00000000a9d00000, 0x00000000a9d00000| Untracked 
| 124|0x00000000a9e00000, 0x00000000a9e00000, 0x00000000a9f00000|  0%| F|  |TAMS 0x00000000a9e00000, 0x00000000a9e00000| Untracked 
| 125|0x00000000a9f00000, 0x00000000a9f00000, 0x00000000aa000000|  0%| F|  |TAMS 0x00000000a9f00000, 0x00000000a9f00000| Untracked 
| 126|0x00000000aa000000, 0x00000000aa000000, 0x00000000aa100000|  0%| F|  |TAMS 0x00000000aa000000, 0x00000000aa000000| Untracked 
| 127|0x00000000aa100000, 0x00000000aa100000, 0x00000000aa200000|  0%| F|  |TAMS 0x00000000aa100000, 0x00000000aa100000| Untracked 
| 128|0x00000000aa200000, 0x00000000aa2713c8, 0x00000000aa300000| 44%| S|CS|TAMS 0x00000000aa200000, 0x00000000aa200000| Complete 
| 129|0x00000000aa300000, 0x00000000aa400000, 0x00000000aa400000|100%| S|CS|TAMS 0x00000000aa300000, 0x00000000aa300000| Complete 
| 130|0x00000000aa400000, 0x00000000aa500000, 0x00000000aa500000|100%| S|CS|TAMS 0x00000000aa400000, 0x00000000aa400000| Complete 
| 131|0x00000000aa500000, 0x00000000aa500000, 0x00000000aa600000|  0%| F|  |TAMS 0x00000000aa500000, 0x00000000aa500000| Untracked 
| 132|0x00000000aa600000, 0x00000000aa600000, 0x00000000aa700000|  0%| F|  |TAMS 0x00000000aa600000, 0x00000000aa600000| Untracked 
| 133|0x00000000aa700000, 0x00000000aa700000, 0x00000000aa800000|  0%| F|  |TAMS 0x00000000aa700000, 0x00000000aa700000| Untracked 
| 134|0x00000000aa800000, 0x00000000aa800000, 0x00000000aa900000|  0%| F|  |TAMS 0x00000000aa800000, 0x00000000aa800000| Untracked 
| 135|0x00000000aa900000, 0x00000000aaa00000, 0x00000000aaa00000|100%| E|  |TAMS 0x00000000aa900000, 0x00000000aa900000| Complete 
| 136|0x00000000aaa00000, 0x00000000aab00000, 0x00000000aab00000|100%| E|CS|TAMS 0x00000000aaa00000, 0x00000000aaa00000| Complete 
| 137|0x00000000aab00000, 0x00000000aac00000, 0x00000000aac00000|100%| E|CS|TAMS 0x00000000aab00000, 0x00000000aab00000| Complete 
| 138|0x00000000aac00000, 0x00000000aad00000, 0x00000000aad00000|100%| E|CS|TAMS 0x00000000aac00000, 0x00000000aac00000| Complete 
| 139|0x00000000aad00000, 0x00000000aae00000, 0x00000000aae00000|100%| E|CS|TAMS 0x00000000aad00000, 0x00000000aad00000| Complete 
| 140|0x00000000aae00000, 0x00000000aaf00000, 0x00000000aaf00000|100%| E|CS|TAMS 0x00000000aae00000, 0x00000000aae00000| Complete 
| 141|0x00000000aaf00000, 0x00000000ab000000, 0x00000000ab000000|100%| E|CS|TAMS 0x00000000aaf00000, 0x00000000aaf00000| Complete 
| 142|0x00000000ab000000, 0x00000000ab100000, 0x00000000ab100000|100%| E|CS|TAMS 0x00000000ab000000, 0x00000000ab000000| Complete 
| 143|0x00000000ab100000, 0x00000000ab200000, 0x00000000ab200000|100%| E|CS|TAMS 0x00000000ab100000, 0x00000000ab100000| Complete 
| 144|0x00000000ab200000, 0x00000000ab300000, 0x00000000ab300000|100%| E|CS|TAMS 0x00000000ab200000, 0x00000000ab200000| Complete 
| 145|0x00000000ab300000, 0x00000000ab400000, 0x00000000ab400000|100%| E|CS|TAMS 0x00000000ab300000, 0x00000000ab300000| Complete 
| 146|0x00000000ab400000, 0x00000000ab500000, 0x00000000ab500000|100%| E|CS|TAMS 0x00000000ab400000, 0x00000000ab400000| Complete 
| 147|0x00000000ab500000, 0x00000000ab600000, 0x00000000ab600000|100%| E|CS|TAMS 0x00000000ab500000, 0x00000000ab500000| Complete 
| 148|0x00000000ab600000, 0x00000000ab700000, 0x00000000ab700000|100%| E|CS|TAMS 0x00000000ab600000, 0x00000000ab600000| Complete 
| 149|0x00000000ab700000, 0x00000000ab800000, 0x00000000ab800000|100%| E|CS|TAMS 0x00000000ab700000, 0x00000000ab700000| Complete 
| 150|0x00000000ab800000, 0x00000000ab900000, 0x00000000ab900000|100%| E|CS|TAMS 0x00000000ab800000, 0x00000000ab800000| Complete 
| 151|0x00000000ab900000, 0x00000000aba00000, 0x00000000aba00000|100%| E|CS|TAMS 0x00000000ab900000, 0x00000000ab900000| Complete 
| 152|0x00000000aba00000, 0x00000000abb00000, 0x00000000abb00000|100%| E|CS|TAMS 0x00000000aba00000, 0x00000000aba00000| Complete 
| 153|0x00000000abb00000, 0x00000000abc00000, 0x00000000abc00000|100%| E|CS|TAMS 0x00000000abb00000, 0x00000000abb00000| Complete 
| 154|0x00000000abc00000, 0x00000000abd00000, 0x00000000abd00000|100%| E|CS|TAMS 0x00000000abc00000, 0x00000000abc00000| Complete 
| 155|0x00000000abd00000, 0x00000000abe00000, 0x00000000abe00000|100%| E|CS|TAMS 0x00000000abd00000, 0x00000000abd00000| Complete 
| 156|0x00000000abe00000, 0x00000000abf00000, 0x00000000abf00000|100%| E|CS|TAMS 0x00000000abe00000, 0x00000000abe00000| Complete 
| 157|0x00000000abf00000, 0x00000000ac000000, 0x00000000ac000000|100%| E|CS|TAMS 0x00000000abf00000, 0x00000000abf00000| Complete 
| 158|0x00000000ac000000, 0x00000000ac100000, 0x00000000ac100000|100%| E|CS|TAMS 0x00000000ac000000, 0x00000000ac000000| Complete 
| 159|0x00000000ac100000, 0x00000000ac200000, 0x00000000ac200000|100%| E|CS|TAMS 0x00000000ac100000, 0x00000000ac100000| Complete 
| 160|0x00000000ac200000, 0x00000000ac300000, 0x00000000ac300000|100%| E|CS|TAMS 0x00000000ac200000, 0x00000000ac200000| Complete 
| 161|0x00000000ac300000, 0x00000000ac400000, 0x00000000ac400000|100%| E|CS|TAMS 0x00000000ac300000, 0x00000000ac300000| Complete 
| 162|0x00000000ac400000, 0x00000000ac500000, 0x00000000ac500000|100%| E|CS|TAMS 0x00000000ac400000, 0x00000000ac400000| Complete 
| 163|0x00000000ac500000, 0x00000000ac600000, 0x00000000ac600000|100%| E|CS|TAMS 0x00000000ac500000, 0x00000000ac500000| Complete 
| 164|0x00000000ac600000, 0x00000000ac700000, 0x00000000ac700000|100%| E|CS|TAMS 0x00000000ac600000, 0x00000000ac600000| Complete 
| 165|0x00000000ac700000, 0x00000000ac800000, 0x00000000ac800000|100%| E|CS|TAMS 0x00000000ac700000, 0x00000000ac700000| Complete 
| 166|0x00000000ac800000, 0x00000000ac900000, 0x00000000ac900000|100%| E|CS|TAMS 0x00000000ac800000, 0x00000000ac800000| Complete 
| 167|0x00000000ac900000, 0x00000000aca00000, 0x00000000aca00000|100%| E|CS|TAMS 0x00000000ac900000, 0x00000000ac900000| Complete 
| 168|0x00000000aca00000, 0x00000000acb00000, 0x00000000acb00000|100%| E|CS|TAMS 0x00000000aca00000, 0x00000000aca00000| Complete 
| 169|0x00000000acb00000, 0x00000000acc00000, 0x00000000acc00000|100%| E|CS|TAMS 0x00000000acb00000, 0x00000000acb00000| Complete 
| 170|0x00000000acc00000, 0x00000000acd00000, 0x00000000acd00000|100%| E|CS|TAMS 0x00000000acc00000, 0x00000000acc00000| Complete 
| 171|0x00000000acd00000, 0x00000000ace00000, 0x00000000ace00000|100%| E|CS|TAMS 0x00000000acd00000, 0x00000000acd00000| Complete 
| 172|0x00000000ace00000, 0x00000000acf00000, 0x00000000acf00000|100%| E|CS|TAMS 0x00000000ace00000, 0x00000000ace00000| Complete 
| 173|0x00000000acf00000, 0x00000000ad000000, 0x00000000ad000000|100%| E|CS|TAMS 0x00000000acf00000, 0x00000000acf00000| Complete 
| 174|0x00000000ad000000, 0x00000000ad100000, 0x00000000ad100000|100%| E|CS|TAMS 0x00000000ad000000, 0x00000000ad000000| Complete 
| 175|0x00000000ad100000, 0x00000000ad200000, 0x00000000ad200000|100%| E|CS|TAMS 0x00000000ad100000, 0x00000000ad100000| Complete 
| 176|0x00000000ad200000, 0x00000000ad300000, 0x00000000ad300000|100%| E|CS|TAMS 0x00000000ad200000, 0x00000000ad200000| Complete 
| 177|0x00000000ad300000, 0x00000000ad400000, 0x00000000ad400000|100%| E|CS|TAMS 0x00000000ad300000, 0x00000000ad300000| Complete 
| 178|0x00000000ad400000, 0x00000000ad500000, 0x00000000ad500000|100%| E|CS|TAMS 0x00000000ad400000, 0x00000000ad400000| Complete 
| 179|0x00000000ad500000, 0x00000000ad600000, 0x00000000ad600000|100%| E|CS|TAMS 0x00000000ad500000, 0x00000000ad500000| Complete 
| 180|0x00000000ad600000, 0x00000000ad700000, 0x00000000ad700000|100%| E|CS|TAMS 0x00000000ad600000, 0x00000000ad600000| Complete 
| 181|0x00000000ad700000, 0x00000000ad800000, 0x00000000ad800000|100%| E|CS|TAMS 0x00000000ad700000, 0x00000000ad700000| Complete 
| 182|0x00000000ad800000, 0x00000000ad900000, 0x00000000ad900000|100%| E|CS|TAMS 0x00000000ad800000, 0x00000000ad800000| Complete 
| 183|0x00000000ad900000, 0x00000000ada00000, 0x00000000ada00000|100%| E|CS|TAMS 0x00000000ad900000, 0x00000000ad900000| Complete 
| 184|0x00000000ada00000, 0x00000000adb00000, 0x00000000adb00000|100%| E|CS|TAMS 0x00000000ada00000, 0x00000000ada00000| Complete 
| 185|0x00000000adb00000, 0x00000000adc00000, 0x00000000adc00000|100%| E|CS|TAMS 0x00000000adb00000, 0x00000000adb00000| Complete 
| 186|0x00000000adc00000, 0x00000000add00000, 0x00000000add00000|100%| E|CS|TAMS 0x00000000adc00000, 0x00000000adc00000| Complete 
| 187|0x00000000add00000, 0x00000000ade00000, 0x00000000ade00000|100%| E|CS|TAMS 0x00000000add00000, 0x00000000add00000| Complete 
| 188|0x00000000ade00000, 0x00000000adf00000, 0x00000000adf00000|100%| E|CS|TAMS 0x00000000ade00000, 0x00000000ade00000| Complete 
| 189|0x00000000adf00000, 0x00000000ae000000, 0x00000000ae000000|100%| E|CS|TAMS 0x00000000adf00000, 0x00000000adf00000| Complete 
| 190|0x00000000ae000000, 0x00000000ae100000, 0x00000000ae100000|100%| E|CS|TAMS 0x00000000ae000000, 0x00000000ae000000| Complete 
| 191|0x00000000ae100000, 0x00000000ae200000, 0x00000000ae200000|100%| E|CS|TAMS 0x00000000ae100000, 0x00000000ae100000| Complete 
| 192|0x00000000ae200000, 0x00000000ae300000, 0x00000000ae300000|100%| E|CS|TAMS 0x00000000ae200000, 0x00000000ae200000| Complete 
| 193|0x00000000ae300000, 0x00000000ae400000, 0x00000000ae400000|100%| E|CS|TAMS 0x00000000ae300000, 0x00000000ae300000| Complete 
| 194|0x00000000ae400000, 0x00000000ae500000, 0x00000000ae500000|100%| E|CS|TAMS 0x00000000ae400000, 0x00000000ae400000| Complete 
| 195|0x00000000ae500000, 0x00000000ae600000, 0x00000000ae600000|100%| E|CS|TAMS 0x00000000ae500000, 0x00000000ae500000| Complete 
| 196|0x00000000ae600000, 0x00000000ae700000, 0x00000000ae700000|100%| E|CS|TAMS 0x00000000ae600000, 0x00000000ae600000| Complete 
| 197|0x00000000ae700000, 0x00000000ae800000, 0x00000000ae800000|100%| E|CS|TAMS 0x00000000ae700000, 0x00000000ae700000| Complete 
| 198|0x00000000ae800000, 0x00000000ae900000, 0x00000000ae900000|100%| E|CS|TAMS 0x00000000ae800000, 0x00000000ae800000| Complete 
| 199|0x00000000ae900000, 0x00000000aea00000, 0x00000000aea00000|100%| E|CS|TAMS 0x00000000ae900000, 0x00000000ae900000| Complete 
| 200|0x00000000aea00000, 0x00000000aeb00000, 0x00000000aeb00000|100%| E|CS|TAMS 0x00000000aea00000, 0x00000000aea00000| Complete 
| 201|0x00000000aeb00000, 0x00000000aec00000, 0x00000000aec00000|100%| E|CS|TAMS 0x00000000aeb00000, 0x00000000aeb00000| Complete 
| 202|0x00000000aec00000, 0x00000000aed00000, 0x00000000aed00000|100%| E|CS|TAMS 0x00000000aec00000, 0x00000000aec00000| Complete 
| 203|0x00000000aed00000, 0x00000000aee00000, 0x00000000aee00000|100%| E|CS|TAMS 0x00000000aed00000, 0x00000000aed00000| Complete 

Card table byte_map: [0x00000149a9a20000,0x00000149a9d10000] _byte_map_base: 0x00000149a950f000

Marking Bits (Prev, Next): (CMBitMap*) 0x0000014996d59300, (CMBitMap*) 0x0000014996d592c0
 Prev Bits: [0x00000149ab780000, 0x00000149acef8000)
 Next Bits: [0x00000149aa000000, 0x00000149ab778000)

Polling page: 0x00000149964c0000

Metaspace:

Usage:
  Non-class:     77.97 MB used.
      Class:      9.54 MB used.
       Both:     87.51 MB used.

Virtual space:
  Non-class space:      128.00 MB reserved,      78.12 MB ( 61%) committed,  2 nodes.
      Class space:        1.00 GB reserved,       9.69 MB ( <1%) committed,  1 nodes.
             Both:        1.12 GB reserved,      87.81 MB (  8%) committed. 

Chunk freelists:
   Non-Class:  1.39 MB
       Class:  6.33 MB
        Both:  7.72 MB

MaxMetaspaceSize: unlimited
CompressedClassSpaceSize: 1.00 GB
Initial GC threshold: 21.00 MB
Current GC threshold: 93.06 MB
CDS: off
MetaspaceReclaimPolicy: balanced
 - commit_granule_bytes: 65536.
 - commit_granule_words: 8192.
 - virtual_space_node_default_size: 8388608.
 - enlarge_chunks_in_place: 1.
 - new_chunks_are_fully_committed: 0.
 - uncommit_free_chunks: 1.
 - use_allocation_guard: 0.
 - handle_deallocations: 1.


Internal statistics:

num_allocs_failed_limit: 6.
num_arena_births: 350.
num_arena_deaths: 0.
num_vsnodes_births: 3.
num_vsnodes_deaths: 0.
num_space_committed: 1403.
num_space_uncommitted: 0.
num_chunks_returned_to_freelist: 6.
num_chunks_taken_from_freelist: 3252.
num_chunk_merges: 6.
num_chunk_splits: 2681.
num_chunks_enlarged: 2410.
num_inconsistent_stats: 0.

CodeHeap 'non-profiled nmethods': size=120000Kb used=7328Kb max_used=7328Kb free=112671Kb
 bounds [0x00000149a1cb0000, 0x00000149a23e0000, 0x00000149a91e0000]
CodeHeap 'profiled nmethods': size=120000Kb used=40943Kb max_used=40943Kb free=79057Kb
 bounds [0x000001499a1e0000, 0x000001499c9f0000, 0x00000149a1710000]
CodeHeap 'non-nmethods': size=5760Kb used=1405Kb max_used=1461Kb free=4354Kb
 bounds [0x00000149a1710000, 0x00000149a1980000, 0x00000149a1cb0000]
 total_blobs=14347 nmethods=13613 adapters=643
 compilation: enabled
              stopped_count=0, restarted_count=0
 full_count=0

Compilation events (20 events):
Event: 24.329 Thread 0x00000149b40707e0 nmethod 16150 0x000001499c921190 code [0x000001499c921420, 0x000001499c921ab8]
Event: 24.330 Thread 0x00000149b40707e0 16151       2       org.jetbrains.kotlin.metadata.ProtoBuf$Function::isInitialized (251 bytes)
Event: 24.331 Thread 0x00000149b40707e0 nmethod 16151 0x000001499c922010 code [0x000001499c9222e0, 0x000001499c922b98]
Event: 24.331 Thread 0x00000149b40707e0 16153       2       org.jetbrains.kotlin.ir.declarations.impl.IrClassImpl::getDescriptor (13 bytes)
Event: 24.331 Thread 0x00000149b40707e0 nmethod 16153 0x000001499c923010 code [0x000001499c9231c0, 0x000001499c923348]
Event: 24.331 Thread 0x00000149b40707e0 16154       2       org.jetbrains.kotlin.codegen.state.TypeMappingUtil::suppressWildcardsMode (68 bytes)
Event: 24.331 Thread 0x00000149b40707e0 nmethod 16154 0x000001499c923410 code [0x000001499c9235e0, 0x000001499c923838]
Event: 24.331 Thread 0x00000149b40707e0 16152       1       org.jetbrains.kotlin.codegen.SourceInfo::getPathOrCleanFQN (5 bytes)
Event: 24.331 Thread 0x00000149b40707e0 nmethod 16152 0x00000149a23b9310 code [0x00000149a23b94a0, 0x00000149a23b9578]
Event: 24.331 Thread 0x00000149b40707e0 16155       2       org.jetbrains.kotlin.codegen.AsmUtil::isPrimitive (24 bytes)
Event: 24.331 Thread 0x00000149b40707e0 nmethod 16155 0x000001499c923990 code [0x000001499c923b20, 0x000001499c923c58]
Event: 24.331 Thread 0x00000149b40707e0 16156       1       org.jetbrains.kotlin.ir.expressions.impl.IrSetFieldImpl::getSuperQualifierSymbol (5 bytes)
Event: 24.331 Thread 0x00000149b40707e0 nmethod 16156 0x00000149a23b9610 code [0x00000149a23b97a0, 0x00000149a23b9878]
Event: 24.332 Thread 0x00000149b40707e0 16157       2       org.jetbrains.kotlin.codegen.optimization.CapturedVarsOptimizationMethodTransformer$Transformer::createRefValues (151 bytes)
Event: 24.333 Thread 0x00000149b40707e0 nmethod 16157 0x000001499c923d10 code [0x000001499c9240a0, 0x000001499c924e58]
Event: 24.333 Thread 0x00000149b40707e0 16158       2       org.jetbrains.kotlin.codegen.optimization.transformer.CompositeMethodTransformer::transform (73 bytes)
Event: 24.334 Thread 0x00000149b40707e0 nmethod 16158 0x000001499c925790 code [0x000001499c925a00, 0x000001499c925fd8]
Event: 24.334 Thread 0x00000149b40707e0 16159       2       org.jetbrains.org.objectweb.asm.SymbolTable::addConstantMemberReference (147 bytes)
Event: 24.335 Thread 0x00000149b40707e0 nmethod 16159 0x000001499c926390 code [0x000001499c9265c0, 0x000001499c926b28]
Event: 24.335 Thread 0x00000149b40707e0 16160       2       org.jetbrains.org.objectweb.asm.MethodWriter::addSuccessorToCurrentBasicBlock (24 bytes)

GC Heap History (20 events):
Event: 11.702 GC heap before
{Heap before GC invocations=18 (full 0):
 garbage-first heap   total 79872K, used 61125K [0x00000000a2200000, 0x0000000100000000)
  region size 1024K, 22 young (22528K), 2 survivors (2048K)
 Metaspace       used 56646K, committed 56896K, reserved 1114112K
  class space    used 6707K, committed 6848K, reserved 1048576K
}
Event: 11.717 GC heap after
{Heap after GC invocations=19 (full 0):
 garbage-first heap   total 79872K, used 44956K [0x00000000a2200000, 0x0000000100000000)
  region size 1024K, 3 young (3072K), 3 survivors (3072K)
 Metaspace       used 56646K, committed 56896K, reserved 1114112K
  class space    used 6707K, committed 6848K, reserved 1048576K
}
Event: 11.882 GC heap before
{Heap before GC invocations=20 (full 0):
 garbage-first heap   total 80896K, used 62364K [0x00000000a2200000, 0x0000000100000000)
  region size 1024K, 20 young (20480K), 3 survivors (3072K)
 Metaspace       used 56894K, committed 57152K, reserved 1114112K
  class space    used 6725K, committed 6848K, reserved 1048576K
}
Event: 11.895 GC heap after
{Heap after GC invocations=21 (full 0):
 garbage-first heap   total 80896K, used 47980K [0x00000000a2200000, 0x0000000100000000)
  region size 1024K, 3 young (3072K), 3 survivors (3072K)
 Metaspace       used 56894K, committed 57152K, reserved 1114112K
  class space    used 6725K, committed 6848K, reserved 1048576K
}
Event: 11.930 GC heap before
{Heap before GC invocations=21 (full 0):
 garbage-first heap   total 80896K, used 63340K [0x00000000a2200000, 0x0000000100000000)
  region size 1024K, 18 young (18432K), 3 survivors (3072K)
 Metaspace       used 56912K, committed 57152K, reserved 1114112K
  class space    used 6725K, committed 6848K, reserved 1048576K
}
Event: 11.935 GC heap after
{Heap after GC invocations=22 (full 0):
 garbage-first heap   total 80896K, used 48532K [0x00000000a2200000, 0x0000000100000000)
  region size 1024K, 1 young (1024K), 1 survivors (1024K)
 Metaspace       used 56912K, committed 57152K, reserved 1114112K
  class space    used 6725K, committed 6848K, reserved 1048576K
}
Event: 11.989 GC heap before
{Heap before GC invocations=22 (full 0):
 garbage-first heap   total 104448K, used 64916K [0x00000000a2200000, 0x0000000100000000)
  region size 1024K, 17 young (17408K), 1 survivors (1024K)
 Metaspace       used 56912K, committed 57152K, reserved 1114112K
  class space    used 6725K, committed 6848K, reserved 1048576K
}
Event: 11.990 GC heap after
{Heap after GC invocations=23 (full 0):
 garbage-first heap   total 104448K, used 48146K [0x00000000a2200000, 0x0000000100000000)
  region size 1024K, 1 young (1024K), 1 survivors (1024K)
 Metaspace       used 56912K, committed 57152K, reserved 1114112K
  class space    used 6725K, committed 6848K, reserved 1048576K
}
Event: 12.948 GC heap before
{Heap before GC invocations=24 (full 0):
 garbage-first heap   total 104448K, used 79890K [0x00000000a2200000, 0x0000000100000000)
  region size 1024K, 32 young (32768K), 1 survivors (1024K)
 Metaspace       used 61050K, committed 61312K, reserved 1114112K
  class space    used 7317K, committed 7424K, reserved 1048576K
}
Event: 12.960 GC heap after
{Heap after GC invocations=25 (full 0):
 garbage-first heap   total 208896K, used 51242K [0x00000000a2200000, 0x0000000100000000)
  region size 1024K, 4 young (4096K), 4 survivors (4096K)
 Metaspace       used 61050K, committed 61312K, reserved 1114112K
  class space    used 7317K, committed 7424K, reserved 1048576K
}
Event: 13.320 GC heap before
{Heap before GC invocations=25 (full 0):
 garbage-first heap   total 208896K, used 57386K [0x00000000a2200000, 0x0000000100000000)
  region size 1024K, 10 young (10240K), 4 survivors (4096K)
 Metaspace       used 61736K, committed 62016K, reserved 1114112K
  class space    used 7372K, committed 7488K, reserved 1048576K
}
Event: 13.327 GC heap after
{Heap after GC invocations=26 (full 0):
 garbage-first heap   total 208896K, used 51404K [0x00000000a2200000, 0x0000000100000000)
  region size 1024K, 2 young (2048K), 2 survivors (2048K)
 Metaspace       used 61736K, committed 62016K, reserved 1114112K
  class space    used 7372K, committed 7488K, reserved 1048576K
}
Event: 17.610 GC heap before
{Heap before GC invocations=26 (full 0):
 garbage-first heap   total 208896K, used 152780K [0x00000000a2200000, 0x0000000100000000)
  region size 1024K, 101 young (103424K), 2 survivors (2048K)
 Metaspace       used 66815K, committed 67136K, reserved 1114112K
  class space    used 7687K, committed 7872K, reserved 1048576K
}
Event: 17.630 GC heap after
{Heap after GC invocations=27 (full 0):
 garbage-first heap   total 208896K, used 63944K [0x00000000a2200000, 0x0000000100000000)
  region size 1024K, 13 young (13312K), 13 survivors (13312K)
 Metaspace       used 66815K, committed 67136K, reserved 1114112K
  class space    used 7687K, committed 7872K, reserved 1048576K
}
Event: 20.602 GC heap before
{Heap before GC invocations=27 (full 0):
 garbage-first heap   total 208896K, used 146888K [0x00000000a2200000, 0x0000000100000000)
  region size 1024K, 92 young (94208K), 13 survivors (13312K)
 Metaspace       used 73730K, committed 74048K, reserved 1179648K
  class space    used 8333K, committed 8512K, reserved 1048576K
}
Event: 20.638 GC heap after
{Heap after GC invocations=28 (full 0):
 garbage-first heap   total 208896K, used 74046K [0x00000000a2200000, 0x0000000100000000)
  region size 1024K, 8 young (8192K), 8 survivors (8192K)
 Metaspace       used 73730K, committed 74048K, reserved 1179648K
  class space    used 8333K, committed 8512K, reserved 1048576K
}
Event: 22.323 GC heap before
{Heap before GC invocations=28 (full 0):
 garbage-first heap   total 208896K, used 152894K [0x00000000a2200000, 0x0000000100000000)
  region size 1024K, 85 young (87040K), 8 survivors (8192K)
 Metaspace       used 83151K, committed 83456K, reserved 1179648K
  class space    used 9318K, committed 9472K, reserved 1048576K
}
Event: 22.345 GC heap after
{Heap after GC invocations=29 (full 0):
 garbage-first heap   total 208896K, used 83968K [0x00000000a2200000, 0x0000000100000000)
  region size 1024K, 10 young (10240K), 10 survivors (10240K)
 Metaspace       used 83151K, committed 83456K, reserved 1179648K
  class space    used 9318K, committed 9472K, reserved 1048576K
}
Event: 23.194 GC heap before
{Heap before GC invocations=29 (full 0):
 garbage-first heap   total 208896K, used 158720K [0x00000000a2200000, 0x0000000100000000)
  region size 1024K, 83 young (84992K), 10 survivors (10240K)
 Metaspace       used 84348K, committed 84672K, reserved 1179648K
  class space    used 9366K, committed 9536K, reserved 1048576K
}
Event: 23.209 GC heap after
{Heap after GC invocations=30 (full 0):
 garbage-first heap   total 208896K, used 86204K [0x00000000a2200000, 0x0000000100000000)
  region size 1024K, 3 young (3072K), 3 survivors (3072K)
 Metaspace       used 84348K, committed 84672K, reserved 1179648K
  class space    used 9366K, committed 9536K, reserved 1048576K
}

Dll operation events (2 events):
Event: 0.019 Loaded shared library D:\AndroidStudio\jbr\bin\java.dll
Event: 3.340 Loaded shared library D:\AndroidStudio\jbr\bin\verify.dll

Deoptimization events (20 events):
Event: 24.137 Thread 0x0000014996d0a340 DEOPT PACKING pc=0x00000149a232818c sp=0x0000000160ffd110
Event: 24.137 Thread 0x0000014996d0a340 DEOPT UNPACKING pc=0x00000149a17669a3 sp=0x0000000160ffd080 mode 2
Event: 24.145 Thread 0x0000014996d0a340 Uncommon trap: trap_request=0xffffff45 fr.pc=0x00000149a1d25860 relative=0x00000000000001c0
Event: 24.145 Thread 0x0000014996d0a340 Uncommon trap: reason=unstable_if action=reinterpret pc=0x00000149a1d25860 method=kotlin.text.StringsKt__StringsKt.indexOf$default(Ljava/lang/CharSequence;CIZILjava/lang/Object;)I @ 4 c2
Event: 24.145 Thread 0x0000014996d0a340 DEOPT PACKING pc=0x00000149a1d25860 sp=0x0000000160ffcd40
Event: 24.145 Thread 0x0000014996d0a340 DEOPT UNPACKING pc=0x00000149a17669a3 sp=0x0000000160ffccf0 mode 2
Event: 24.145 Thread 0x0000014996d0a340 DEOPT PACKING pc=0x000001499c84b4ec sp=0x0000000160ffd5d0
Event: 24.145 Thread 0x0000014996d0a340 DEOPT UNPACKING pc=0x00000149a1767143 sp=0x0000000160ffcd08 mode 0
Event: 24.151 Thread 0x0000014996d0a340 Uncommon trap: trap_request=0xffffffde fr.pc=0x00000149a20dcd54 relative=0x0000000000000294
Event: 24.151 Thread 0x0000014996d0a340 Uncommon trap: reason=class_check action=maybe_recompile pc=0x00000149a20dcd54 method=org.jetbrains.kotlin.utils.ThreadLocalDelegate.getValue(Ljava/lang/Object;Lkotlin/reflect/KProperty;)Ljava/lang/Object; @ 42 c2
Event: 24.151 Thread 0x0000014996d0a340 DEOPT PACKING pc=0x00000149a20dcd54 sp=0x0000000160ffd620
Event: 24.151 Thread 0x0000014996d0a340 DEOPT UNPACKING pc=0x00000149a17669a3 sp=0x0000000160ffd5b0 mode 2
Event: 24.168 Thread 0x0000014996d0a340 Uncommon trap: trap_request=0xffffff45 fr.pc=0x00000149a1efabf8 relative=0x00000000000005b8
Event: 24.168 Thread 0x0000014996d0a340 Uncommon trap: reason=unstable_if action=reinterpret pc=0x00000149a1efabf8 method=java.lang.String.valueOf(Ljava/lang/Object;)Ljava/lang/String; @ 1 c2
Event: 24.168 Thread 0x0000014996d0a340 DEOPT PACKING pc=0x00000149a1efabf8 sp=0x0000000160ffd250
Event: 24.168 Thread 0x0000014996d0a340 DEOPT UNPACKING pc=0x00000149a17669a3 sp=0x0000000160ffd1e8 mode 2
Event: 24.195 Thread 0x0000014996d0a340 Uncommon trap: trap_request=0xffffff45 fr.pc=0x00000149a1d8d7dc relative=0x000000000000005c
Event: 24.195 Thread 0x0000014996d0a340 Uncommon trap: reason=unstable_if action=reinterpret pc=0x00000149a1d8d7dc method=org.jetbrains.org.objectweb.asm.AnnotationVisitor.visitEnd()V @ 4 c2
Event: 24.195 Thread 0x0000014996d0a340 DEOPT PACKING pc=0x00000149a1d8d7dc sp=0x0000000160ffd230
Event: 24.195 Thread 0x0000014996d0a340 DEOPT UNPACKING pc=0x00000149a17669a3 sp=0x0000000160ffd1d0 mode 2

Classes unloaded (0 events):
No events

Classes redefined (0 events):
No events

Internal exceptions (20 events):
Event: 11.505 Thread 0x0000014996d0a340 Exception <a 'java/lang/NoSuchMethodError'{0x00000000a65c81d0}: 'java.lang.Object java.lang.invoke.DirectMethodHandle$Holder.newInvokeSpecial(java.lang.Object, int, java.lang.Object)'> (0x00000000a65c81d0) 
thrown [s\src\hotspot\share\interpreter\linkResolver.cpp, line 771]
Event: 12.303 Thread 0x0000014996d0a340 Exception <a 'java/lang/NoSuchMethodError'{0x00000000a78f9308}: 'void java.lang.invoke.DirectMethodHandle$Holder.invokeInterface(java.lang.Object, java.lang.Object)'> (0x00000000a78f9308) 
thrown [s\src\hotspot\share\interpreter\linkResolver.cpp, line 771]
Event: 12.365 Thread 0x0000014996d0a340 Exception <a 'java/lang/IncompatibleClassChangeError'{0x00000000a7662ba8}: Found class java.lang.Object, but interface was expected> (0x00000000a7662ba8) 
thrown [s\src\hotspot\share\interpreter\linkResolver.cpp, line 838]
Event: 12.378 Thread 0x0000014996d0a340 Implicit null exception at 0x00000149a1de0b4c to 0x00000149a1de0c28
Event: 12.818 Thread 0x0000014996d0a340 Exception <a 'java/lang/NoSuchMethodError'{0x00000000a6a05cd8}: 'java.lang.Object java.lang.invoke.DirectMethodHandle$Holder.newInvokeSpecial(java.lang.Object, java.lang.Object, java.lang.Object, java.lang.Object, java.lang.Object, java.lang.Object, java.lang.Object)'> (0x00000000a6a05cd8) 
thrown [s\src\hotspot\share\interpreter\linkResolver.cpp, line 771]
Event: 12.819 Thread 0x0000014996d0a340 Exception <a 'java/lang/NoSuchMethodError'{0x00000000a6a0ab38}: 'java.lang.Object java.lang.invoke.Invokers$Holder.linkToTargetMethod(java.lang.Object, java.lang.Object, java.lang.Object, java.lang.Object, java.lang.Object, java.lang.Object, java.lang.Object)'> (0x00000000a6a0ab38) 
thrown [s\src\hotspot\share\interpreter\linkResolver.cpp, line 771]
Event: 12.834 Thread 0x0000014996d0a340 Implicit null exception at 0x00000149a1f3d4bc to 0x00000149a1f3dd34
Event: 12.877 Thread 0x0000014996d0a340 Implicit null exception at 0x00000149a1d9de09 to 0x00000149a1d9def0
Event: 12.877 Thread 0x0000014996d0a340 Implicit null exception at 0x00000149a1d143d8 to 0x00000149a1d1446a
Event: 13.310 Thread 0x0000014996d0a340 Exception <a 'java/lang/NoSuchMethodError'{0x00000000ae89de38}: 'int java.lang.invoke.DirectMethodHandle$Holder.invokeStaticInit(java.lang.Object, int)'> (0x00000000ae89de38) 
thrown [s\src\hotspot\share\interpreter\linkResolver.cpp, line 771]
Event: 13.896 Thread 0x0000014996d0a340 Exception <a 'java/lang/NoSuchMethodError'{0x00000000adff6318}: 'java.lang.Object java.lang.invoke.DirectMethodHandle$Holder.invokeInterface(java.lang.Object, java.lang.Object, java.lang.Object)'> (0x00000000adff6318) 
thrown [s\src\hotspot\share\interpreter\linkResolver.cpp, line 771]
Event: 13.896 Thread 0x0000014996d0a340 Exception <a 'java/lang/IncompatibleClassChangeError'{0x00000000adff9c88}: Found class java.lang.Object, but interface was expected> (0x00000000adff9c88) 
thrown [s\src\hotspot\share\interpreter\linkResolver.cpp, line 838]
Event: 14.303 Thread 0x0000014996d0a340 Exception <a 'java/lang/NoSuchMethodError'{0x00000000ad674150}: 'java.lang.Object java.lang.invoke.DirectMethodHandle$Holder.newInvokeSpecial(java.lang.Object, int, java.lang.Object, java.lang.Object)'> (0x00000000ad674150) 
thrown [s\src\hotspot\share\interpreter\linkResolver.cpp, line 771]
Event: 14.534 Thread 0x0000014996d0a340 Exception <a 'java/lang/NoSuchMethodError'{0x00000000ad0c8ea8}: 'java.lang.Object java.lang.invoke.DirectMethodHandle$Holder.invokeStatic(java.lang.Object, int, java.lang.Object)'> (0x00000000ad0c8ea8) 
thrown [s\src\hotspot\share\interpreter\linkResolver.cpp, line 771]
Event: 18.908 Thread 0x0000014996d0a340 Implicit null exception at 0x00000149a1d5df0c to 0x00000149a1d5e174
Event: 19.322 Thread 0x0000014996d0a340 Exception <a 'java/lang/NoSuchMethodError'{0x00000000ac742800}: 'java.lang.Object java.lang.invoke.DirectMethodHandle$Holder.invokeStaticInit(java.lang.Object, java.lang.Object, java.lang.Object, java.lang.Object)'> (0x00000000ac742800) 
thrown [s\src\hotspot\share\interpreter\linkResolver.cpp, line 771]
Event: 19.663 Thread 0x0000014996d0a340 Exception <a 'java/lang/NoSuchMethodError'{0x00000000ab83ac38}: 'java.lang.Object java.lang.invoke.DirectMethodHandle$Holder.newInvokeSpecial(java.lang.Object, java.lang.Object, java.lang.Object, int, int)'> (0x00000000ab83ac38) 
thrown [s\src\hotspot\share\interpreter\linkResolver.cpp, line 771]
Event: 19.663 Thread 0x0000014996d0a340 Exception <a 'java/lang/NoSuchMethodError'{0x00000000ab83ea78}: 'java.lang.Object java.lang.invoke.DirectMethodHandle$Holder.invokeSpecial(java.lang.Object, java.lang.Object, java.lang.Object, java.lang.Object, int, int)'> (0x00000000ab83ea78) 
thrown [s\src\hotspot\share\interpreter\linkResolver.cpp, line 771]
Event: 19.725 Thread 0x0000014996d0a340 Exception <a 'java/lang/NoSuchMethodError'{0x00000000ab63b6f8}: 'java.lang.Object java.lang.invoke.DirectMethodHandle$Holder.invokeSpecial(java.lang.Object, java.lang.Object, int, int, java.lang.Object, java.lang.Object, java.lang.Object, java.lang.Object, java.lang.Object)'> (0x00000000ab63b6f8) 
thrown [s\src\hotspot\share\interpreter\linkResolver.cpp, line 771]
Event: 19.895 Thread 0x0000014996d0a340 Implicit null exception at 0x00000149a1d19b90 to 0x00000149a1d19e48

VM Operations (20 events):
Event: 23.430 Executing VM operation: HandshakeAllThreads
Event: 23.431 Executing VM operation: HandshakeAllThreads done
Event: 23.431 Executing VM operation: HandshakeAllThreads
Event: 23.431 Executing VM operation: HandshakeAllThreads done
Event: 23.456 Executing VM operation: HandshakeAllThreads
Event: 23.456 Executing VM operation: HandshakeAllThreads done
Event: 23.645 Executing VM operation: ICBufferFull
Event: 23.645 Executing VM operation: ICBufferFull done
Event: 23.818 Executing VM operation: ICBufferFull
Event: 23.818 Executing VM operation: ICBufferFull done
Event: 24.011 Executing VM operation: HandshakeAllThreads
Event: 24.011 Executing VM operation: HandshakeAllThreads done
Event: 24.023 Executing VM operation: ICBufferFull
Event: 24.024 Executing VM operation: ICBufferFull done
Event: 24.134 Executing VM operation: HandshakeAllThreads
Event: 24.134 Executing VM operation: HandshakeAllThreads done
Event: 24.180 Executing VM operation: HandshakeAllThreads
Event: 24.180 Executing VM operation: HandshakeAllThreads done
Event: 24.323 Executing VM operation: ICBufferFull
Event: 24.323 Executing VM operation: ICBufferFull done

Events (20 events):
Event: 23.437 Thread 0x00000149b407bcd0 flushing nmethod 0x000001499a368f90
Event: 23.440 Thread 0x00000149b407bcd0 flushing nmethod 0x000001499a5bd790
Event: 23.444 Thread 0x00000149b407bcd0 flushing nmethod 0x000001499a973210
Event: 23.447 Thread 0x00000149b407bcd0 flushing nmethod 0x000001499abc6110
Event: 23.452 Thread 0x00000149b407bcd0 flushing nmethod 0x000001499b108690
Event: 23.452 Thread 0x00000149b407bcd0 flushing nmethod 0x000001499b142710
Event: 23.453 Thread 0x00000149b407bcd0 flushing nmethod 0x000001499b1c7310
Event: 23.454 Thread 0x00000149b407bcd0 flushing nmethod 0x000001499b21ff10
Event: 23.457 Thread 0x00000149b407bcd0 flushing nmethod 0x000001499b393e10
Event: 23.457 Thread 0x00000149b407bcd0 flushing nmethod 0x000001499b3c4610
Event: 23.469 Thread 0x00000149b407bcd0 flushing nmethod 0x000001499bf8e110
Event: 23.470 Thread 0x00000149b407bcd0 flushing nmethod 0x000001499c10db10
Event: 23.470 Thread 0x00000149b407bcd0 flushing nmethod 0x000001499c10f090
Event: 23.470 Thread 0x00000149b407bcd0 flushing nmethod 0x000001499c114710
Event: 23.470 Thread 0x00000149b407bcd0 flushing nmethod 0x000001499c13e810
Event: 23.470 Thread 0x00000149b407bcd0 flushing nmethod 0x000001499c145790
Event: 23.605 loading class java/util/Vector$Itr
Event: 23.608 loading class java/util/Vector$Itr done
Event: 23.794 loading class java/util/regex/Pattern$Dollar
Event: 23.794 loading class java/util/regex/Pattern$Dollar done


Dynamic libraries:
0x00007ff7bf0c0000 - 0x00007ff7bf0ca000 	D:\AndroidStudio\jbr\bin\java.exe
0x00007ffdf0e50000 - 0x00007ffdf1067000 	C:\WINDOWS\SYSTEM32\ntdll.dll
0x00007ffdef600000 - 0x00007ffdef6c4000 	C:\WINDOWS\System32\KERNEL32.DLL
0x00007ffdee140000 - 0x00007ffdee4e7000 	C:\WINDOWS\System32\KERNELBASE.dll
0x00007ffdee7d0000 - 0x00007ffdee8e1000 	C:\WINDOWS\System32\ucrtbase.dll
0x00007ffdbca40000 - 0x00007ffdbca5b000 	D:\AndroidStudio\jbr\bin\VCRUNTIME140.dll
0x00007ffdd1940000 - 0x00007ffdd1957000 	D:\AndroidStudio\jbr\bin\jli.dll
0x00007ffdef750000 - 0x00007ffdef8fe000 	C:\WINDOWS\System32\USER32.dll
0x00007ffdd8110000 - 0x00007ffdd83a3000 	C:\WINDOWS\WinSxS\amd64_microsoft.windows.common-controls_6595b64144ccf1df_6.0.22621.3527_none_270e469b73872a76\COMCTL32.dll
0x00007ffdee7a0000 - 0x00007ffdee7c6000 	C:\WINDOWS\System32\win32u.dll
0x00007ffdf03c0000 - 0x00007ffdf0467000 	C:\WINDOWS\System32\msvcrt.dll
0x00007ffdf0d90000 - 0x00007ffdf0db9000 	C:\WINDOWS\System32\GDI32.dll
0x00007ffdee970000 - 0x00007ffdeea89000 	C:\WINDOWS\System32\gdi32full.dll
0x00007ffdee4f0000 - 0x00007ffdee58a000 	C:\WINDOWS\System32\msvcp_win.dll
0x00007ffdeed50000 - 0x00007ffdeed81000 	C:\WINDOWS\System32\IMM32.DLL
0x00007ffdbca30000 - 0x00007ffdbca3c000 	D:\AndroidStudio\jbr\bin\vcruntime140_1.dll
0x00007ffd5e6b0000 - 0x00007ffd5e73d000 	D:\AndroidStudio\jbr\bin\msvcp140.dll
0x00007ffd38e20000 - 0x00007ffd39aa3000 	D:\AndroidStudio\jbr\bin\server\jvm.dll
0x00007ffdf09a0000 - 0x00007ffdf0a52000 	C:\WINDOWS\System32\ADVAPI32.dll
0x00007ffdf0ce0000 - 0x00007ffdf0d88000 	C:\WINDOWS\System32\sechost.dll
0x00007ffdee770000 - 0x00007ffdee798000 	C:\WINDOWS\System32\bcrypt.dll
0x00007ffdf0bc0000 - 0x00007ffdf0cd5000 	C:\WINDOWS\System32\RPCRT4.dll
0x00007ffde5a30000 - 0x00007ffde5a64000 	C:\WINDOWS\SYSTEM32\WINMM.dll
0x00007ffde37e0000 - 0x00007ffde37ea000 	C:\WINDOWS\SYSTEM32\VERSION.dll
0x00007ffdc8ad0000 - 0x00007ffdc8ad9000 	C:\WINDOWS\SYSTEM32\WSOCK32.dll
0x00007ffdede50000 - 0x00007ffdede9d000 	C:\WINDOWS\SYSTEM32\POWRPROF.dll
0x00007ffdef6d0000 - 0x00007ffdef741000 	C:\WINDOWS\System32\WS2_32.dll
0x00007ffdede30000 - 0x00007ffdede43000 	C:\WINDOWS\SYSTEM32\UMPDC.dll
0x00007ffded130000 - 0x00007ffded148000 	C:\WINDOWS\SYSTEM32\kernel.appcore.dll
0x00007ffde1aa0000 - 0x00007ffde1aaa000 	D:\AndroidStudio\jbr\bin\jimage.dll
0x00007ffde47c0000 - 0x00007ffde49f2000 	C:\WINDOWS\SYSTEM32\DBGHELP.DLL
0x00007ffdeed90000 - 0x00007ffdef118000 	C:\WINDOWS\System32\combase.dll
0x00007ffdef360000 - 0x00007ffdef437000 	C:\WINDOWS\System32\OLEAUT32.dll
0x00007ffddc110000 - 0x00007ffddc142000 	C:\WINDOWS\SYSTEM32\dbgcore.DLL
0x00007ffdee8f0000 - 0x00007ffdee969000 	C:\WINDOWS\System32\bcryptPrimitives.dll
0x00007ffdcd0f0000 - 0x00007ffdcd115000 	D:\AndroidStudio\jbr\bin\java.dll
0x00007ffddd850000 - 0x00007ffddd868000 	D:\AndroidStudio\jbr\bin\zip.dll
0x00007ffdef900000 - 0x00007ffdf015c000 	C:\WINDOWS\System32\SHELL32.dll
0x00007ffdec030000 - 0x00007ffdec926000 	C:\WINDOWS\SYSTEM32\windows.storage.dll
0x00007ffdebef0000 - 0x00007ffdec02e000 	C:\WINDOWS\SYSTEM32\wintypes.dll
0x00007ffdf0ac0000 - 0x00007ffdf0bb5000 	C:\WINDOWS\System32\SHCORE.dll
0x00007ffdf0170000 - 0x00007ffdf01ce000 	C:\WINDOWS\System32\shlwapi.dll
0x00007ffdee070000 - 0x00007ffdee091000 	C:\WINDOWS\SYSTEM32\profapi.dll
0x00007ffddd780000 - 0x00007ffddd799000 	D:\AndroidStudio\jbr\bin\net.dll
0x00007ffde6bf0000 - 0x00007ffde6d26000 	C:\WINDOWS\SYSTEM32\WINHTTP.dll
0x00007ffded5d0000 - 0x00007ffded639000 	C:\WINDOWS\system32\mswsock.dll
0x00007ffddd5b0000 - 0x00007ffddd5c6000 	D:\AndroidStudio\jbr\bin\nio.dll
0x00007ffdda050000 - 0x00007ffdda060000 	D:\AndroidStudio\jbr\bin\verify.dll

dbghelp: loaded successfully - version: 4.0.5 - missing functions: none
symbol engine: initialized successfully - sym options: 0x614 - pdb path: .;D:\AndroidStudio\jbr\bin;C:\WINDOWS\SYSTEM32;C:\WINDOWS\WinSxS\amd64_microsoft.windows.common-controls_6595b64144ccf1df_6.0.22621.3527_none_270e469b73872a76;D:\AndroidStudio\jbr\bin\server

VM Arguments:
java_command: org.jetbrains.kotlin.cli.jvm.K2JVMCompiler @D:\Proyecto-Movil-main\app\build\20240531_11886052468895604113.compiler.options
java_class_path (initial): C:\Users\Usuario\.gradle\caches\modules-2\files-2.1\org.jetbrains.kotlin\kotlin-compiler-embeddable\1.9.0\2c8c3a7402becca891f12739b3e9fd2dc2adbd7a\kotlin-compiler-embeddable-1.9.0.jar;C:\Users\Usuario\.gradle\caches\modules-2\files-2.1\org.jetbrains.kotlin\kotlin-stdlib\1.9.0\8ee15ef0c67dc83d874f412d84378d7f0eb50b63\kotlin-stdlib-1.9.0.jar;C:\Users\Usuario\.gradle\caches\modules-2\files-2.1\org.jetbrains.kotlin\kotlin-script-runtime\1.9.0\4b3102cbbb7e1b58d9d1adf89563f00069ffa7d1\kotlin-script-runtime-1.9.0.jar;C:\Users\Usuario\.gradle\caches\modules-2\files-2.1\org.jetbrains.kotlin\kotlin-reflect\1.6.10\1cbe9c92c12a94eea200d23c2bbaedaf3daf5132\kotlin-reflect-1.6.10.jar;C:\Users\Usuario\.gradle\caches\modules-2\files-2.1\org.jetbrains.kotlin\kotlin-daemon-embeddable\1.9.0\186543f5e28cf8d9a0290fecc2cf34301c40a65c\kotlin-daemon-embeddable-1.9.0.jar;C:\Users\Usuario\.gradle\caches\modules-2\files-2.1\org.jetbrains.intellij.deps\trove4j\1.0.20200330\3afb14d5f9ceb459d724e907a21145e8ff394f02\trove4j-1.0.20200330.jar;C:\Users\Usuario\.gradle\caches\modules-2\files-2.1\org.jetbrains.kotlin\kotlin-stdlib-common\1.9.0\cd65c21cfd1eec4d44ef09f9f52b6d9f8a720636\kotlin-stdlib-common-1.9.0.jar;C:\Users\Usuario\.gradle\caches\modules-2\files-2.1\org.jetbrains\annotations\13.0\919f0dfe192fb4e063e7dacadee7f8bb9a2672a9\annotations-13.0.jar
Launcher Type: SUN_STANDARD

[Global flags]
     intx CICompilerCount                          = 4                                         {product} {ergonomic}
     uint ConcGCThreads                            = 3                                         {product} {ergonomic}
     uint G1ConcRefinementThreads                  = 10                                        {product} {ergonomic}
   size_t G1HeapRegionSize                         = 1048576                                   {product} {ergonomic}
    uintx GCDrainStackTargetSize                   = 64                                        {product} {ergonomic}
   size_t InitialHeapSize                          = 98566144                                  {product} {ergonomic}
   size_t MarkStackSize                            = 4194304                                   {product} {ergonomic}
   size_t MaxHeapSize                              = 1574961152                                {product} {ergonomic}
   size_t MaxNewSize                               = 944766976                                 {product} {ergonomic}
   size_t MinHeapDeltaBytes                        = 1048576                                   {product} {ergonomic}
   size_t MinHeapSize                              = 8388608                                   {product} {ergonomic}
    uintx NonNMethodCodeHeapSize                   = 5839372                                {pd product} {ergonomic}
    uintx NonProfiledCodeHeapSize                  = 122909434                              {pd product} {ergonomic}
    uintx ProfiledCodeHeapSize                     = 122909434                              {pd product} {ergonomic}
    uintx ReservedCodeCacheSize                    = 251658240                              {pd product} {ergonomic}
     bool SegmentedCodeCache                       = true                                      {product} {ergonomic}
   size_t SoftMaxHeapSize                          = 1574961152                             {manageable} {ergonomic}
     bool UseCompressedClassPointers               = true                           {product lp64_product} {ergonomic}
     bool UseCompressedOops                        = true                           {product lp64_product} {ergonomic}
     bool UseG1GC                                  = true                                      {product} {ergonomic}
     bool UseLargePagesIndividualAllocation        = false                                  {pd product} {ergonomic}

Logging:
Log output configuration:
 #0: stdout all=warning uptime,level,tags
 #1: stderr all=off uptime,level,tags

Environment Variables:
PATH=C:\Program Files\Common Files\Oracle\Java\javapath;C:\Program Files (x86)\VMware\VMware Workstation\bin\;C:\WINDOWS\system32;C:\WINDOWS;C:\WINDOWS\System32\Wbem;C:\WINDOWS\System32\WindowsPowerShell\v1.0\;C:\WINDOWS\System32\OpenSSH\;C:\Program Files (x86)\dotnet\;D:\Git\cmd;D:\XAMPP\php;C:\ProgramData\ComposerSetup\bin;D:\apache-maven-3.9.6\bin;C:\Program Files\Java\jdk-21\bin;C:\Program Files\nodejs\;C:\Users\Usuario\AppData\Local\Programs\Python\Python311\Scripts\;C:\Users\Usuario\AppData\Local\Programs\Python\Python311\;C:\Users\Usuario\AppData\Local\Microsoft\WindowsApps;D:\Microsoft VS Code\bin;C:\Program Files\MongoDB\Server\7.0\bin;C:\Users\Usuario\AppData\Roaming\Composer\vendor\bin;C:\Users\Usuario\.fly\bin;D:\IntelliJ IDEA Community Edition 2024.1.1\bin;;C:\Users\Usuario\AppData\Roaming\npm
USERNAME=Usuario
OS=Windows_NT
PROCESSOR_IDENTIFIER=AMD64 Family 23 Model 104 Stepping 1, AuthenticAMD
TMP=C:\Users\Usuario\AppData\Local\Temp
TEMP=C:\Users\Usuario\AppData\Local\Temp



Periodic native trim disabled

JNI global refs:
JNI global refs: 13, weak refs: 23

JNI global refs memory usage: 843, weak refs: 841

OOME stack traces (most recent first):
Classloader memory used:
Loader jdk.internal.loader.ClassLoaders$AppClassLoader                                 : 9791K
Loader bootstrap                                                                       : 1389K
Loader jdk.internal.reflect.DelegatingClassLoader                                      : 22345B


---------------  S Y S T E M  ---------------

OS:
 Windows 11 , 64 bit Build 22621 (10.0.22621.3527)
OS uptime: 1 days 2:57 hours
Hyper-V role detected

CPU: total 12 (initial active 12) (12 cores per cpu, 2 threads per core) family 23 model 104 stepping 1 microcode 0x0, cx8, cmov, fxsr, ht, mmx, 3dnowpref, sse, sse2, sse3, ssse3, sse4a, sse4.1, sse4.2, popcnt, lzcnt, tsc, tscinvbit, avx, avx2, aes, clmul, bmi1, bmi2, adx, sha, fma, vzeroupper, clflush, clflushopt, hv
Processor Information for all 12 processors :
  Max Mhz: 2100, Current Mhz: 2100, Mhz Limit: 2100

Memory: 4k page, system-wide physical 6005M (1066M free)
TotalPageFile size 24437M (AvailPageFile size 6M)
current process WorkingSet (physical memory assigned to process): 445M, peak: 454M
current process commit charge ("private bytes"): 504M, peak: 507M

vm_info: OpenJDK 64-Bit Server VM (17.0.10+0--11572160) for windows-amd64 JRE (17.0.10+0--11572160), built on Mar 13 2024 23:56:38 by "androidbuild" with MS VC++ 16.10 / 16.11 (VS2019)

END.
